[36mINFO[0m[2024-10-03T12:12:28Z]github.com/punkgoden/song_library/app/internal/app.RunApplication() app.go:18 Connect logger successfully!                 
[36mINFO[0m[2024-10-03T12:12:28Z]github.com/punkgoden/song_library/app/internal/app.RunApplication() app.go:22 Connect config successfully!                 
[36mINFO[0m[2024-10-03T12:12:28Z]github.com/punkgoden/song_library/app/internal/app.RunApplication() app.go:30 Connect database successfully!               
[36mINFO[0m[2024-10-03T12:12:28Z]github.com/punkgoden/song_library/app/internal/app.RunApplication() app.go:35 Connect storage successfully!                
[36mINFO[0m[2024-10-03T12:12:28Z]github.com/punkgoden/song_library/app/internal/app.RunApplication() app.go:37 Connect service successfully!                
[36mINFO[0m[2024-10-03T12:12:28Z]github.com/punkgoden/song_library/app/internal/app.RunApplication() app.go:42 Connect GIN successfully!                    
[36mINFO[0m[2024-10-03T12:48:08Z]github.com/punkgoden/song_library/app/internal/app.RunApplication() app.go:18 Connect logger successfully!                 
[36mINFO[0m[2024-10-03T12:48:08Z]github.com/punkgoden/song_library/app/internal/app.RunApplication() app.go:22 Connect config successfully!                 
[36mINFO[0m[2024-10-03T12:48:08Z]github.com/punkgoden/song_library/app/internal/app.RunApplication() app.go:30 Connect database successfully!               
[36mINFO[0m[2024-10-03T12:48:08Z]github.com/punkgoden/song_library/app/internal/app.RunApplication() app.go:35 Connect storage successfully!                
[36mINFO[0m[2024-10-03T12:48:08Z]github.com/punkgoden/song_library/app/internal/app.RunApplication() app.go:37 Connect service successfully!                
[36mINFO[0m[2024-10-03T12:48:08Z]github.com/punkgoden/song_library/app/internal/app.RunApplication() app.go:42 Connect GIN successfully!                    
[36mINFO[0m[2024-10-03T12:48:45Z]github.com/punkgoden/song_library/app/internal/app.RunApplication() app.go:18 Connect logger successfully!                 
[36mINFO[0m[2024-10-03T12:48:45Z]github.com/punkgoden/song_library/app/internal/app.RunApplication() app.go:22 Connect config successfully!                 
[36mINFO[0m[2024-10-03T12:48:45Z]github.com/punkgoden/song_library/app/internal/app.RunApplication() app.go:30 Connect database successfully!               
[36mINFO[0m[2024-10-03T12:48:45Z]github.com/punkgoden/song_library/app/internal/app.RunApplication() app.go:35 Connect storage successfully!                
[36mINFO[0m[2024-10-03T12:48:45Z]github.com/punkgoden/song_library/app/internal/app.RunApplication() app.go:37 Connect service successfully!                
[36mINFO[0m[2024-10-03T12:48:45Z]github.com/punkgoden/song_library/app/internal/app.RunApplication() app.go:42 Connect GIN successfully!                    
[36mINFO[0m[2024-10-03T12:50:58Z]github.com/punkgoden/song_library/app/internal/app.RunApplication() app.go:18 Connect logger successfully!                 
[36mINFO[0m[2024-10-03T12:50:58Z]github.com/punkgoden/song_library/app/internal/app.RunApplication() app.go:22 Connect config successfully!                 
[36mINFO[0m[2024-10-03T12:50:58Z]github.com/punkgoden/song_library/app/internal/app.RunApplication() app.go:30 Connect database successfully!               
[36mINFO[0m[2024-10-03T12:50:58Z]github.com/punkgoden/song_library/app/internal/app.RunApplication() app.go:35 Connect storage successfully!                
[36mINFO[0m[2024-10-03T12:50:58Z]github.com/punkgoden/song_library/app/internal/app.RunApplication() app.go:37 Connect service successfully!                
[36mINFO[0m[2024-10-03T12:50:58Z]github.com/punkgoden/song_library/app/internal/app.RunApplication() app.go:42 Connect GIN successfully!                    
[36mINFO[0m[2024-10-03T12:59:50Z]github.com/punkgoden/song_library/app/internal/app.RunApplication() app.go:18 Connect logger successfully!                 
[36mINFO[0m[2024-10-03T12:59:50Z]github.com/punkgoden/song_library/app/internal/app.RunApplication() app.go:22 Connect config successfully!                 
[36mINFO[0m[2024-10-03T12:59:50Z]github.com/punkgoden/song_library/app/internal/app.RunApplication() app.go:30 Connect database successfully!               
[36mINFO[0m[2024-10-03T12:59:50Z]github.com/punkgoden/song_library/app/internal/app.RunApplication() app.go:35 Connect storage successfully!                
[36mINFO[0m[2024-10-03T12:59:50Z]github.com/punkgoden/song_library/app/internal/app.RunApplication() app.go:37 Connect service successfully!                
[36mINFO[0m[2024-10-03T12:59:50Z]github.com/punkgoden/song_library/app/internal/app.RunApplication() app.go:42 Connect GIN successfully!                    
[36mINFO[0m[2024-10-03T13:30:02Z]github.com/punkgoden/song_library/app/internal/app.RunApplication() app.go:18 Connect logger successfully!                 
[36mINFO[0m[2024-10-03T13:30:02Z]github.com/punkgoden/song_library/app/internal/app.RunApplication() app.go:22 Connect config successfully!                 
[36mINFO[0m[2024-10-03T13:30:02Z]github.com/punkgoden/song_library/app/internal/app.RunApplication() app.go:30 Connect database successfully!               
[36mINFO[0m[2024-10-03T13:30:02Z]github.com/punkgoden/song_library/app/internal/app.RunApplication() app.go:35 Connect storage successfully!                
[36mINFO[0m[2024-10-03T13:30:02Z]github.com/punkgoden/song_library/app/internal/app.RunApplication() app.go:37 Connect service successfully!                
[36mINFO[0m[2024-10-03T13:30:02Z]github.com/punkgoden/song_library/app/internal/app.RunApplication() app.go:42 Connect GIN successfully!                    
[36mINFO[0m[2024-10-03T13:33:02Z]github.com/punkgoden/song_library/app/internal/app.RunApplication() app.go:18 Connect logger successfully!                 
[36mINFO[0m[2024-10-03T13:33:02Z]github.com/punkgoden/song_library/app/internal/app.RunApplication() app.go:22 Connect config successfully!                 
[36mINFO[0m[2024-10-03T13:33:02Z]github.com/punkgoden/song_library/app/internal/app.RunApplication() app.go:30 Connect database successfully!               
[36mINFO[0m[2024-10-03T13:33:02Z]github.com/punkgoden/song_library/app/internal/app.RunApplication() app.go:35 Connect storage successfully!                
[36mINFO[0m[2024-10-03T13:33:02Z]github.com/punkgoden/song_library/app/internal/app.RunApplication() app.go:37 Connect service successfully!                
[36mINFO[0m[2024-10-03T13:33:02Z]github.com/punkgoden/song_library/app/internal/app.RunApplication() app.go:42 Connect GIN successfully!                    
[36mINFO[0m[2024-10-03T13:35:10Z]github.com/punkgoden/song_library/app/internal/app.RunApplication() app.go:18 Connect logger successfully!                 
[36mINFO[0m[2024-10-03T13:35:10Z]github.com/punkgoden/song_library/app/internal/app.RunApplication() app.go:22 Connect config successfully!                 
[36mINFO[0m[2024-10-03T13:35:10Z]github.com/punkgoden/song_library/app/internal/app.RunApplication() app.go:30 Connect database successfully!               
[36mINFO[0m[2024-10-03T13:35:10Z]github.com/punkgoden/song_library/app/internal/app.RunApplication() app.go:35 Connect storage successfully!                
[36mINFO[0m[2024-10-03T13:35:10Z]github.com/punkgoden/song_library/app/internal/app.RunApplication() app.go:37 Connect service successfully!                
[36mINFO[0m[2024-10-03T13:35:10Z]github.com/punkgoden/song_library/app/internal/app.RunApplication() app.go:42 Connect GIN successfully!                    
[36mINFO[0m[2024-10-03T13:39:12Z]github.com/punkgoden/song_library/app/internal/app.RunApplication() app.go:18 Connect logger successfully!                 
[36mINFO[0m[2024-10-03T13:39:12Z]github.com/punkgoden/song_library/app/internal/app.RunApplication() app.go:22 Connect config successfully!                 
[36mINFO[0m[2024-10-03T13:39:12Z]github.com/punkgoden/song_library/app/internal/app.RunApplication() app.go:30 Connect database successfully!               
[36mINFO[0m[2024-10-03T13:39:12Z]github.com/punkgoden/song_library/app/internal/app.RunApplication() app.go:35 Connect storage successfully!                
[36mINFO[0m[2024-10-03T13:39:12Z]github.com/punkgoden/song_library/app/internal/app.RunApplication() app.go:37 Connect service successfully!                
[36mINFO[0m[2024-10-03T13:39:12Z]github.com/punkgoden/song_library/app/internal/app.RunApplication() app.go:42 Connect GIN successfully!                    
[36mINFO[0m[2024-10-03T13:41:47Z]github.com/punkgoden/song_library/app/internal/app.RunApplication() app.go:18 Connect logger successfully!                 
[36mINFO[0m[2024-10-03T13:41:47Z]github.com/punkgoden/song_library/app/internal/app.RunApplication() app.go:22 Connect config successfully!                 
[36mINFO[0m[2024-10-03T13:41:47Z]github.com/punkgoden/song_library/app/internal/app.RunApplication() app.go:30 Connect database successfully!               
[36mINFO[0m[2024-10-03T13:41:47Z]github.com/punkgoden/song_library/app/internal/app.RunApplication() app.go:35 Connect storage successfully!                
[36mINFO[0m[2024-10-03T13:41:47Z]github.com/punkgoden/song_library/app/internal/app.RunApplication() app.go:37 Connect service successfully!                
[36mINFO[0m[2024-10-03T13:41:47Z]github.com/punkgoden/song_library/app/internal/app.RunApplication() app.go:42 Connect GIN successfully!                    
[36mINFO[0m[2024-10-03T13:49:22Z]github.com/punkgoden/song_library/app/internal/app.RunApplication() app.go:18 Connect logger successfully!                 
[36mINFO[0m[2024-10-03T13:49:22Z]github.com/punkgoden/song_library/app/internal/app.RunApplication() app.go:22 Connect config successfully!                 
[36mINFO[0m[2024-10-03T13:49:22Z]github.com/punkgoden/song_library/app/internal/app.RunApplication() app.go:30 Connect database successfully!               
[36mINFO[0m[2024-10-03T13:49:22Z]github.com/punkgoden/song_library/app/internal/app.RunApplication() app.go:35 Connect storage successfully!                
[36mINFO[0m[2024-10-03T13:49:22Z]github.com/punkgoden/song_library/app/internal/app.RunApplication() app.go:37 Connect service successfully!                
[36mINFO[0m[2024-10-03T13:49:22Z]github.com/punkgoden/song_library/app/internal/app.RunApplication() app.go:42 Connect GIN successfully!                    
[36mINFO[0m[2024-10-03T13:51:59Z]github.com/punkgoden/song_library/app/internal/app.RunApplication() app.go:18 Connect logger successfully!                 
[36mINFO[0m[2024-10-03T13:51:59Z]github.com/punkgoden/song_library/app/internal/app.RunApplication() app.go:22 Connect config successfully!                 
[36mINFO[0m[2024-10-03T13:51:59Z]github.com/punkgoden/song_library/app/internal/app.RunApplication() app.go:30 Connect database successfully!               
[36mINFO[0m[2024-10-03T13:51:59Z]github.com/punkgoden/song_library/app/internal/app.RunApplication() app.go:35 Connect storage successfully!                
[36mINFO[0m[2024-10-03T13:51:59Z]github.com/punkgoden/song_library/app/internal/app.RunApplication() app.go:37 Connect service successfully!                
[36mINFO[0m[2024-10-03T13:51:59Z]github.com/punkgoden/song_library/app/internal/app.RunApplication() app.go:42 Connect GIN successfully!                    
[36mINFO[0m[2024-10-03T13:53:22Z]github.com/punkgoden/song_library/app/internal/app.RunApplication() app.go:18 Connect logger successfully!                 
[36mINFO[0m[2024-10-03T13:53:22Z]github.com/punkgoden/song_library/app/internal/app.RunApplication() app.go:22 Connect config successfully!                 
[36mINFO[0m[2024-10-03T13:53:22Z]github.com/punkgoden/song_library/app/internal/app.RunApplication() app.go:30 Connect database successfully!               
[36mINFO[0m[2024-10-03T13:53:22Z]github.com/punkgoden/song_library/app/internal/app.RunApplication() app.go:35 Connect storage successfully!                
[36mINFO[0m[2024-10-03T13:53:22Z]github.com/punkgoden/song_library/app/internal/app.RunApplication() app.go:37 Connect service successfully!                
[36mINFO[0m[2024-10-03T13:53:22Z]github.com/punkgoden/song_library/app/internal/app.RunApplication() app.go:42 Connect GIN successfully!                    
[36mINFO[0m[2024-10-03T13:57:16Z]github.com/punkgoden/song_library/app/internal/app.RunApplication() app.go:18 Connect logger successfully!                 
[36mINFO[0m[2024-10-03T13:57:16Z]github.com/punkgoden/song_library/app/internal/app.RunApplication() app.go:22 Connect config successfully!                 
[36mINFO[0m[2024-10-03T13:57:16Z]github.com/punkgoden/song_library/app/internal/app.RunApplication() app.go:30 Connect database successfully!               
[36mINFO[0m[2024-10-03T13:57:16Z]github.com/punkgoden/song_library/app/internal/app.RunApplication() app.go:35 Connect storage successfully!                
[36mINFO[0m[2024-10-03T13:57:16Z]github.com/punkgoden/song_library/app/internal/app.RunApplication() app.go:37 Connect service successfully!                
[36mINFO[0m[2024-10-03T13:57:16Z]github.com/punkgoden/song_library/app/internal/app.RunApplication() app.go:42 Connect GIN successfully!                    
[36mINFO[0m[2024-10-03T14:04:54Z]github.com/punkgoden/song_library/app/internal/app.RunApplication() app.go:18 Connect logger successfully!                 
[36mINFO[0m[2024-10-03T14:04:54Z]github.com/punkgoden/song_library/app/internal/app.RunApplication() app.go:22 Connect config successfully!                 
[36mINFO[0m[2024-10-03T14:04:54Z]github.com/punkgoden/song_library/app/internal/app.RunApplication() app.go:30 Connect database successfully!               
[36mINFO[0m[2024-10-03T14:04:54Z]github.com/punkgoden/song_library/app/internal/app.RunApplication() app.go:35 Connect storage successfully!                
[36mINFO[0m[2024-10-03T14:04:54Z]github.com/punkgoden/song_library/app/internal/app.RunApplication() app.go:37 Connect service successfully!                
[36mINFO[0m[2024-10-03T14:04:54Z]github.com/punkgoden/song_library/app/internal/app.RunApplication() app.go:42 Connect GIN successfully!                    
[36mINFO[0m[2024-10-03T14:17:56Z]github.com/punkgoden/song_library/app/internal/app.RunApplication() app.go:18 Connect logger successfully!                 
[36mINFO[0m[2024-10-03T14:17:56Z]github.com/punkgoden/song_library/app/internal/app.RunApplication() app.go:22 Connect config successfully!                 
[36mINFO[0m[2024-10-03T14:17:56Z]github.com/punkgoden/song_library/app/internal/app.RunApplication() app.go:30 Connect database successfully!               
[36mINFO[0m[2024-10-03T14:17:56Z]github.com/punkgoden/song_library/app/internal/app.RunApplication() app.go:35 Connect storage successfully!                
[36mINFO[0m[2024-10-03T14:17:56Z]github.com/punkgoden/song_library/app/internal/app.RunApplication() app.go:37 Connect service successfully!                
[36mINFO[0m[2024-10-03T14:17:56Z]github.com/punkgoden/song_library/app/internal/app.RunApplication() app.go:42 Connect GIN successfully!                    
[36mINFO[0m[2024-10-03T14:19:46Z]github.com/punkgoden/song_library/app/internal/app.RunApplication() app.go:18 Connect logger successfully!                 
[36mINFO[0m[2024-10-03T14:19:46Z]github.com/punkgoden/song_library/app/internal/app.RunApplication() app.go:22 Connect config successfully!                 
[36mINFO[0m[2024-10-03T14:19:46Z]github.com/punkgoden/song_library/app/internal/app.RunApplication() app.go:30 Connect database successfully!               
[36mINFO[0m[2024-10-03T14:19:46Z]github.com/punkgoden/song_library/app/internal/app.RunApplication() app.go:35 Connect storage successfully!                
[36mINFO[0m[2024-10-03T14:19:46Z]github.com/punkgoden/song_library/app/internal/app.RunApplication() app.go:37 Connect service successfully!                
[36mINFO[0m[2024-10-03T14:19:46Z]github.com/punkgoden/song_library/app/internal/app.RunApplication() app.go:42 Connect GIN successfully!                    
[36mINFO[0m[2024-10-03T14:20:35Z]github.com/punkgoden/song_library/app/internal/app.RunApplication() app.go:18 Connect logger successfully!                 
[36mINFO[0m[2024-10-03T14:20:35Z]github.com/punkgoden/song_library/app/internal/app.RunApplication() app.go:22 Connect config successfully!                 
[36mINFO[0m[2024-10-03T14:20:35Z]github.com/punkgoden/song_library/app/internal/app.RunApplication() app.go:30 Connect database successfully!               
[36mINFO[0m[2024-10-03T14:20:35Z]github.com/punkgoden/song_library/app/internal/app.RunApplication() app.go:35 Connect storage successfully!                
[36mINFO[0m[2024-10-03T14:20:35Z]github.com/punkgoden/song_library/app/internal/app.RunApplication() app.go:37 Connect service successfully!                
[36mINFO[0m[2024-10-03T14:20:35Z]github.com/punkgoden/song_library/app/internal/app.RunApplication() app.go:42 Connect GIN successfully!                    
[36mINFO[0m[2024-10-03T14:22:20Z]github.com/punkgoden/song_library/app/internal/app.RunApplication() app.go:18 Connect logger successfully!                 
[36mINFO[0m[2024-10-03T14:22:20Z]github.com/punkgoden/song_library/app/internal/app.RunApplication() app.go:22 Connect config successfully!                 
[36mINFO[0m[2024-10-03T14:22:20Z]github.com/punkgoden/song_library/app/internal/app.RunApplication() app.go:30 Connect database successfully!               
[36mINFO[0m[2024-10-03T14:22:20Z]github.com/punkgoden/song_library/app/internal/app.RunApplication() app.go:35 Connect storage successfully!                
[36mINFO[0m[2024-10-03T14:22:20Z]github.com/punkgoden/song_library/app/internal/app.RunApplication() app.go:37 Connect service successfully!                
[36mINFO[0m[2024-10-03T14:22:20Z]github.com/punkgoden/song_library/app/internal/app.RunApplication() app.go:42 Connect GIN successfully!                    
[36mINFO[0m[2024-10-03T14:23:46Z]github.com/punkgoden/song_library/app/internal/app.RunApplication() app.go:18 Connect logger successfully!                 
[36mINFO[0m[2024-10-03T14:23:46Z]github.com/punkgoden/song_library/app/internal/app.RunApplication() app.go:22 Connect config successfully!                 
[36mINFO[0m[2024-10-03T14:23:46Z]github.com/punkgoden/song_library/app/internal/app.RunApplication() app.go:30 Connect database successfully!               
[36mINFO[0m[2024-10-03T14:23:46Z]github.com/punkgoden/song_library/app/internal/app.RunApplication() app.go:35 Connect storage successfully!                
[36mINFO[0m[2024-10-03T14:23:46Z]github.com/punkgoden/song_library/app/internal/app.RunApplication() app.go:37 Connect service successfully!                
[36mINFO[0m[2024-10-03T14:23:46Z]github.com/punkgoden/song_library/app/internal/app.RunApplication() app.go:42 Connect GIN successfully!                    
[36mINFO[0m[2024-10-03T14:32:41Z]github.com/punkgoden/song_library/app/internal/app.RunApplication() app.go:18 Connect logger successfully!                 
[36mINFO[0m[2024-10-03T14:32:41Z]github.com/punkgoden/song_library/app/internal/app.RunApplication() app.go:22 Connect config successfully!                 
[36mINFO[0m[2024-10-03T14:32:41Z]github.com/punkgoden/song_library/app/internal/app.RunApplication() app.go:30 Connect database successfully!               
[36mINFO[0m[2024-10-03T14:32:41Z]github.com/punkgoden/song_library/app/internal/app.RunApplication() app.go:35 Connect storage successfully!                
[36mINFO[0m[2024-10-03T14:32:41Z]github.com/punkgoden/song_library/app/internal/app.RunApplication() app.go:37 Connect service successfully!                
[36mINFO[0m[2024-10-03T14:32:41Z]github.com/punkgoden/song_library/app/internal/app.RunApplication() app.go:42 Connect GIN successfully!                    
